2019-09-17 00:01:23-[mylog.py-->line:65]-INFO-mylog-日志输出的信息：-----短信验证码测试开始执行-----
2019-09-17 00:01:23-[mylog.py-->line:65]-INFO-mylog-日志输出的信息：发送请求用例测试通过
2019-09-17 00:01:24-[mylog.py-->line:65]-INFO-mylog-日志输出的信息：手机号码格式不对用例测试通过
2019-09-17 00:01:24-[mylog.py-->line:65]-INFO-mylog-日志输出的信息：用户ip为空用例测试通过
2019-09-17 00:01:24-[mylog.py-->line:65]-INFO-mylog-日志输出的信息：短信模板不存在用例测试通过
2019-09-17 00:01:25-[mylog.py-->line:65]-INFO-mylog-日志输出的信息：-----短信验证码模块测试执行结束-----
2019-09-17 00:01:25-[mylog.py-->line:65]-INFO-mylog-日志输出的信息：-----注册测试开始执行-----
2019-09-17 00:01:26-[mylog.py-->line:65]-INFO-mylog-日志输出的信息：注册成功用例测试通过
2019-09-17 00:01:30-[mylog.py-->line:65]-INFO-mylog-日志输出的信息：验证码与手机号码不对应用例测试通过
2019-09-17 00:01:34-[mylog.py-->line:65]-INFO-mylog-日志输出的信息：参数为空用例测试通过
2019-09-17 00:01:37-[mylog.py-->line:65]-INFO-mylog-日志输出的信息：用户已经被注册用例测试通过
2019-09-17 00:01:41-[mylog.py-->line:65]-INFO-mylog-日志输出的信息：验证码超时用例测试通过
2019-09-17 00:01:45-[mylog.py-->line:65]-INFO-mylog-日志输出的信息：-----短信验证码模块测试执行结束-----
2019-09-17 00:03:33-[mylog.py-->line:65]-INFO-mylog-日志输出的信息：-----短信验证码测试开始执行-----
2019-09-17 00:03:33-[mylog.py-->line:65]-INFO-mylog-日志输出的信息：发送请求用例测试通过
2019-09-17 00:03:33-[mylog.py-->line:65]-INFO-mylog-日志输出的信息：手机号码格式不对用例测试通过
2019-09-17 00:03:34-[mylog.py-->line:65]-INFO-mylog-日志输出的信息：用户ip为空用例测试通过
2019-09-17 00:03:34-[mylog.py-->line:65]-INFO-mylog-日志输出的信息：短信模板不存在用例测试通过
2019-09-17 00:03:34-[mylog.py-->line:65]-INFO-mylog-日志输出的信息：-----短信验证码模块测试执行结束-----
2019-09-17 00:03:35-[mylog.py-->line:65]-INFO-mylog-日志输出的信息：-----注册测试开始执行-----
2019-09-17 00:03:36-[mylog.py-->line:65]-INFO-mylog-日志输出的信息：注册成功用例测试通过
2019-09-17 00:03:36-[mylog.py-->line:65]-INFO-mylog-日志输出的信息：验证码与手机号码不对应用例测试通过
2019-09-17 00:03:37-[mylog.py-->line:65]-INFO-mylog-日志输出的信息：参数为空用例测试通过
2019-09-17 00:03:38-[mylog.py-->line:65]-INFO-mylog-日志输出的信息：用户已经被注册用例测试通过
2019-09-17 00:03:39-[mylog.py-->line:65]-INFO-mylog-日志输出的信息：验证码超时用例测试通过
2019-09-17 00:03:39-[mylog.py-->line:65]-INFO-mylog-日志输出的信息：-----短信验证码模块测试执行结束-----
2019-09-17 00:05:11-[mylog.py-->line:65]-INFO-mylog-日志输出的信息：-----短信验证码测试开始执行-----
2019-09-17 00:05:11-[mylog.py-->line:65]-INFO-mylog-日志输出的信息：发送请求用例测试通过
2019-09-17 00:05:12-[mylog.py-->line:65]-INFO-mylog-日志输出的信息：手机号码格式不对用例测试通过
2019-09-17 00:05:13-[mylog.py-->line:65]-INFO-mylog-日志输出的信息：用户ip为空用例测试通过
2019-09-17 00:05:13-[mylog.py-->line:65]-INFO-mylog-日志输出的信息：短信模板不存在用例测试通过
2019-09-17 00:05:13-[mylog.py-->line:65]-INFO-mylog-日志输出的信息：-----短信验证码模块测试执行结束-----
2019-09-17 00:05:13-[mylog.py-->line:65]-INFO-mylog-日志输出的信息：-----注册测试开始执行-----
2019-09-17 00:05:14-[mylog.py-->line:65]-INFO-mylog-日志输出的信息：注册成功用例测试通过
2019-09-17 00:05:15-[mylog.py-->line:65]-INFO-mylog-日志输出的信息：验证码与手机号码不对应用例测试通过
2019-09-17 00:05:16-[mylog.py-->line:65]-INFO-mylog-日志输出的信息：参数为空用例测试通过
2019-09-17 00:05:17-[mylog.py-->line:65]-INFO-mylog-日志输出的信息：用户已经被注册用例测试通过
2019-09-17 00:05:18-[mylog.py-->line:65]-INFO-mylog-日志输出的信息：验证码超时用例测试通过
2019-09-17 00:05:19-[mylog.py-->line:65]-INFO-mylog-日志输出的信息：-----短信验证码模块测试执行结束-----
2019-09-17 00:31:31-[mylog.py-->line:65]-INFO-mylog-日志输出的信息：-----短信验证码测试开始执行-----
2019-09-17 00:31:32-[mylog.py-->line:65]-INFO-mylog-日志输出的信息：发送请求用例测试通过
2019-09-17 00:31:32-[mylog.py-->line:65]-INFO-mylog-日志输出的信息：手机号码格式不对用例测试通过
2019-09-17 00:31:33-[mylog.py-->line:65]-INFO-mylog-日志输出的信息：用户ip为空用例测试通过
2019-09-17 00:31:33-[mylog.py-->line:65]-INFO-mylog-日志输出的信息：短信模板不存在用例测试通过
2019-09-17 00:31:33-[mylog.py-->line:65]-INFO-mylog-日志输出的信息：-----短信验证码模块测试执行结束-----
2019-09-17 00:31:33-[mylog.py-->line:65]-INFO-mylog-日志输出的信息：-----注册测试开始执行-----
2019-09-17 00:31:34-[mylog.py-->line:65]-INFO-mylog-日志输出的信息：注册成功用例测试通过
2019-09-17 00:31:35-[mylog.py-->line:65]-INFO-mylog-日志输出的信息：验证码与手机号码不对应用例测试通过
2019-09-17 00:31:36-[mylog.py-->line:65]-INFO-mylog-日志输出的信息：参数格式错误用例测试通过
2019-09-17 00:31:37-[mylog.py-->line:65]-INFO-mylog-日志输出的信息：用户已经被注册用例测试通过
2019-09-17 00:31:38-[mylog.py-->line:65]-INFO-mylog-日志输出的信息：-----短信验证码模块测试执行结束-----
2019-09-17 00:33:08-[mylog.py-->line:65]-INFO-mylog-日志输出的信息：-----短信验证码测试开始执行-----
2019-09-17 00:33:09-[mylog.py-->line:65]-INFO-mylog-日志输出的信息：发送请求用例测试通过
2019-09-17 00:33:09-[mylog.py-->line:65]-INFO-mylog-日志输出的信息：手机号码格式不对用例测试通过
2019-09-17 00:33:10-[mylog.py-->line:65]-INFO-mylog-日志输出的信息：用户ip为空用例测试通过
2019-09-17 00:33:10-[mylog.py-->line:65]-INFO-mylog-日志输出的信息：短信模板不存在用例测试通过
2019-09-17 00:33:10-[mylog.py-->line:65]-INFO-mylog-日志输出的信息：-----短信验证码模块测试执行结束-----
2019-09-17 00:33:10-[mylog.py-->line:65]-INFO-mylog-日志输出的信息：-----注册测试开始执行-----
2019-09-17 00:33:11-[mylog.py-->line:65]-INFO-mylog-日志输出的信息：注册成功用例测试通过
2019-09-17 00:33:12-[mylog.py-->line:65]-INFO-mylog-日志输出的信息：验证码与手机号码不对应用例测试通过
2019-09-17 00:33:13-[mylog.py-->line:65]-INFO-mylog-日志输出的信息：参数格式错误用例测试通过
2019-09-17 00:33:14-[mylog.py-->line:65]-INFO-mylog-日志输出的信息：用户已经被注册用例测试通过
2019-09-17 00:33:15-[mylog.py-->line:69]-ERROR-mylog-日志输出的信息：手机号码已经被注册用例测试未通过
2019-09-17 00:33:16-[mylog.py-->line:65]-INFO-mylog-日志输出的信息：验证码超时用例测试通过
2019-09-17 00:33:16-[mylog.py-->line:65]-INFO-mylog-日志输出的信息：-----短信验证码模块测试执行结束-----
2019-09-17 00:35:46-[mylog.py-->line:65]-INFO-mylog-日志输出的信息：-----短信验证码测试开始执行-----
2019-09-17 00:35:46-[mylog.py-->line:65]-INFO-mylog-日志输出的信息：发送请求用例测试通过
2019-09-17 00:35:46-[mylog.py-->line:65]-INFO-mylog-日志输出的信息：手机号码格式不对用例测试通过
2019-09-17 00:35:47-[mylog.py-->line:65]-INFO-mylog-日志输出的信息：用户ip为空用例测试通过
2019-09-17 00:35:47-[mylog.py-->line:65]-INFO-mylog-日志输出的信息：短信模板不存在用例测试通过
2019-09-17 00:35:47-[mylog.py-->line:65]-INFO-mylog-日志输出的信息：-----短信验证码模块测试执行结束-----
2019-09-17 00:35:48-[mylog.py-->line:65]-INFO-mylog-日志输出的信息：-----注册测试开始执行-----
2019-09-17 00:35:48-[mylog.py-->line:65]-INFO-mylog-日志输出的信息：注册成功用例测试通过
2019-09-17 00:35:49-[mylog.py-->line:65]-INFO-mylog-日志输出的信息：验证码与手机号码不对应用例测试通过
2019-09-17 00:35:50-[mylog.py-->line:65]-INFO-mylog-日志输出的信息：参数格式错误用例测试通过
2019-09-17 00:35:51-[mylog.py-->line:65]-INFO-mylog-日志输出的信息：用户已经被注册用例测试通过
2019-09-17 00:35:52-[mylog.py-->line:69]-ERROR-mylog-日志输出的信息：手机号码已经被注册用例测试未通过
2019-09-17 00:35:53-[mylog.py-->line:65]-INFO-mylog-日志输出的信息：验证码超时用例测试通过
2019-09-17 00:35:53-[mylog.py-->line:65]-INFO-mylog-日志输出的信息：-----短信验证码模块测试执行结束-----
2019-09-17 00:39:26-[mylog.py-->line:65]-INFO-mylog-日志输出的信息：-----短信验证码测试开始执行-----
2019-09-17 00:39:27-[mylog.py-->line:65]-INFO-mylog-日志输出的信息：发送请求用例测试通过
2019-09-17 00:39:27-[mylog.py-->line:65]-INFO-mylog-日志输出的信息：手机号码格式不对用例测试通过
2019-09-17 00:39:27-[mylog.py-->line:65]-INFO-mylog-日志输出的信息：用户ip为空用例测试通过
2019-09-17 00:39:28-[mylog.py-->line:65]-INFO-mylog-日志输出的信息：短信模板不存在用例测试通过
2019-09-17 00:39:28-[mylog.py-->line:65]-INFO-mylog-日志输出的信息：-----短信验证码模块测试执行结束-----
2019-09-17 00:39:28-[mylog.py-->line:65]-INFO-mylog-日志输出的信息：-----注册测试开始执行-----
2019-09-17 00:39:29-[mylog.py-->line:65]-INFO-mylog-日志输出的信息：注册成功用例测试通过
2019-09-17 00:39:30-[mylog.py-->line:65]-INFO-mylog-日志输出的信息：验证码与手机号码不对应用例测试通过
2019-09-17 00:39:31-[mylog.py-->line:65]-INFO-mylog-日志输出的信息：参数格式错误用例测试通过
2019-09-17 00:39:32-[mylog.py-->line:65]-INFO-mylog-日志输出的信息：用户已经被注册用例测试通过
2019-09-17 00:39:33-[mylog.py-->line:69]-ERROR-mylog-日志输出的信息：手机号码已经被注册用例测试未通过
2019-09-17 00:39:34-[mylog.py-->line:65]-INFO-mylog-日志输出的信息：验证码超时用例测试通过
2019-09-17 00:39:34-[mylog.py-->line:65]-INFO-mylog-日志输出的信息：-----短信验证码模块测试执行结束-----
2019-09-17 00:46:04-[mylog.py-->line:65]-INFO-mylog-日志输出的信息：-----短信验证码测试开始执行-----
2019-09-17 00:46:04-[mylog.py-->line:65]-INFO-mylog-日志输出的信息：发送请求用例测试通过
2019-09-17 00:46:05-[mylog.py-->line:65]-INFO-mylog-日志输出的信息：手机号码格式不对用例测试通过
2019-09-17 00:46:05-[mylog.py-->line:65]-INFO-mylog-日志输出的信息：用户ip为空用例测试通过
2019-09-17 00:46:05-[mylog.py-->line:65]-INFO-mylog-日志输出的信息：短信模板不存在用例测试通过
2019-09-17 00:46:06-[mylog.py-->line:65]-INFO-mylog-日志输出的信息：-----短信验证码模块测试执行结束-----
2019-09-17 00:46:06-[mylog.py-->line:65]-INFO-mylog-日志输出的信息：-----注册测试开始执行-----
2019-09-17 00:46:07-[mylog.py-->line:65]-INFO-mylog-日志输出的信息：注册成功用例测试通过
2019-09-17 00:46:08-[mylog.py-->line:65]-INFO-mylog-日志输出的信息：验证码与手机号码不对应用例测试通过
2019-09-17 00:46:09-[mylog.py-->line:69]-ERROR-mylog-日志输出的信息：参数格式错误用例测试未通过
2019-09-17 00:46:09-[mylog.py-->line:65]-INFO-mylog-日志输出的信息：用户已经被注册用例测试通过
2019-09-17 00:46:10-[mylog.py-->line:65]-INFO-mylog-日志输出的信息：手机号码已经被注册用例测试通过
2019-09-17 00:46:11-[mylog.py-->line:65]-INFO-mylog-日志输出的信息：验证码超时用例测试通过
2019-09-17 00:46:11-[mylog.py-->line:65]-INFO-mylog-日志输出的信息：-----短信验证码模块测试执行结束-----
2019-09-17 00:47:17-[mylog.py-->line:65]-INFO-mylog-日志输出的信息：-----短信验证码测试开始执行-----
2019-09-17 00:47:17-[mylog.py-->line:65]-INFO-mylog-日志输出的信息：发送请求用例测试通过
2019-09-17 00:47:18-[mylog.py-->line:65]-INFO-mylog-日志输出的信息：手机号码格式不对用例测试通过
2019-09-17 00:47:18-[mylog.py-->line:65]-INFO-mylog-日志输出的信息：用户ip为空用例测试通过
2019-09-17 00:47:19-[mylog.py-->line:65]-INFO-mylog-日志输出的信息：短信模板不存在用例测试通过
2019-09-17 00:47:19-[mylog.py-->line:65]-INFO-mylog-日志输出的信息：-----短信验证码模块测试执行结束-----
2019-09-17 00:47:19-[mylog.py-->line:65]-INFO-mylog-日志输出的信息：-----注册测试开始执行-----
2019-09-17 00:47:20-[mylog.py-->line:65]-INFO-mylog-日志输出的信息：注册成功用例测试通过
2019-09-17 00:47:21-[mylog.py-->line:65]-INFO-mylog-日志输出的信息：验证码与手机号码不对应用例测试通过
2019-09-17 00:47:22-[mylog.py-->line:65]-INFO-mylog-日志输出的信息：参数格式错误用例测试通过
2019-09-17 00:47:23-[mylog.py-->line:65]-INFO-mylog-日志输出的信息：用户已经被注册用例测试通过
2019-09-17 00:47:24-[mylog.py-->line:65]-INFO-mylog-日志输出的信息：手机号码已经被注册用例测试通过
2019-09-17 00:47:24-[mylog.py-->line:65]-INFO-mylog-日志输出的信息：验证码超时用例测试通过
2019-09-17 00:47:25-[mylog.py-->line:65]-INFO-mylog-日志输出的信息：-----短信验证码模块测试执行结束-----
2019-09-17 00:50:26-[mylog.py-->line:65]-INFO-mylog-日志输出的信息：-----短信验证码测试开始执行-----
2019-09-17 00:50:27-[mylog.py-->line:65]-INFO-mylog-日志输出的信息：发送请求用例测试通过
2019-09-17 00:50:27-[mylog.py-->line:65]-INFO-mylog-日志输出的信息：手机号码格式不对用例测试通过
2019-09-17 00:50:28-[mylog.py-->line:65]-INFO-mylog-日志输出的信息：用户ip为空用例测试通过
2019-09-17 00:50:28-[mylog.py-->line:65]-INFO-mylog-日志输出的信息：短信模板不存在用例测试通过
2019-09-17 00:50:29-[mylog.py-->line:65]-INFO-mylog-日志输出的信息：-----短信验证码模块测试执行结束-----
2019-09-17 00:50:29-[mylog.py-->line:65]-INFO-mylog-日志输出的信息：-----注册测试开始执行-----
2019-09-17 00:50:30-[mylog.py-->line:65]-INFO-mylog-日志输出的信息：注册成功用例测试通过
2019-09-17 00:50:31-[mylog.py-->line:65]-INFO-mylog-日志输出的信息：验证码与手机号码不对应用例测试通过
2019-09-17 00:50:32-[mylog.py-->line:65]-INFO-mylog-日志输出的信息：参数格式错误用例测试通过
2019-09-17 00:50:32-[mylog.py-->line:65]-INFO-mylog-日志输出的信息：用户已经被注册用例测试通过
2019-09-17 00:50:33-[mylog.py-->line:65]-INFO-mylog-日志输出的信息：手机号码已经被注册用例测试通过
2019-09-17 00:50:34-[mylog.py-->line:65]-INFO-mylog-日志输出的信息：验证码超时用例测试通过
2019-09-17 00:50:34-[mylog.py-->line:65]-INFO-mylog-日志输出的信息：-----短信验证码模块测试执行结束-----
2019-09-17 19:10:27-[mylog.py-->line:65]-INFO-mylog-日志输出的信息：-----短信验证码测试开始执行-----
2019-09-17 19:10:28-[mylog.py-->line:65]-INFO-mylog-日志输出的信息：发送请求用例测试通过
2019-09-17 19:10:28-[mylog.py-->line:65]-INFO-mylog-日志输出的信息：手机号码格式不对用例测试通过
2019-09-17 19:10:29-[mylog.py-->line:65]-INFO-mylog-日志输出的信息：用户ip为空用例测试通过
2019-09-17 19:10:29-[mylog.py-->line:65]-INFO-mylog-日志输出的信息：短信模板不存在用例测试通过
2019-09-17 19:10:29-[mylog.py-->line:65]-INFO-mylog-日志输出的信息：-----短信验证码模块测试执行结束-----
2019-09-17 19:10:29-[mylog.py-->line:65]-INFO-mylog-日志输出的信息：-----注册测试开始执行-----
2019-09-17 19:10:30-[mylog.py-->line:65]-INFO-mylog-日志输出的信息：注册成功用例测试通过
2019-09-17 19:10:31-[mylog.py-->line:65]-INFO-mylog-日志输出的信息：验证码与手机号码不对应用例测试通过
2019-09-17 19:10:32-[mylog.py-->line:65]-INFO-mylog-日志输出的信息：参数格式错误用例测试通过
2019-09-17 19:10:33-[mylog.py-->line:65]-INFO-mylog-日志输出的信息：用户已经被注册用例测试通过
2019-09-17 19:10:34-[mylog.py-->line:65]-INFO-mylog-日志输出的信息：手机号码已经被注册用例测试通过
2019-09-17 19:10:35-[mylog.py-->line:65]-INFO-mylog-日志输出的信息：验证码超时用例测试通过
2019-09-17 19:10:35-[mylog.py-->line:65]-INFO-mylog-日志输出的信息：-----短信验证码模块测试执行结束-----
2019-09-17 21:42:39-[mylog.py-->line:65]-INFO-mylog-日志输出的信息：-----短信验证码测试开始执行-----
2019-09-17 21:42:39-[mylog.py-->line:65]-INFO-mylog-日志输出的信息：发送请求用例测试通过
2019-09-17 21:42:40-[mylog.py-->line:65]-INFO-mylog-日志输出的信息：手机号码格式不对用例测试通过
2019-09-17 21:42:40-[mylog.py-->line:65]-INFO-mylog-日志输出的信息：用户ip为空用例测试通过
2019-09-17 21:42:41-[mylog.py-->line:65]-INFO-mylog-日志输出的信息：短信模板不存在用例测试通过
2019-09-17 21:42:41-[mylog.py-->line:65]-INFO-mylog-日志输出的信息：-----短信验证码模块测试执行结束-----
2019-09-17 21:42:41-[mylog.py-->line:65]-INFO-mylog-日志输出的信息：-----注册测试开始执行-----
2019-09-17 21:42:42-[mylog.py-->line:65]-INFO-mylog-日志输出的信息：注册成功用例测试通过
2019-09-17 21:42:43-[mylog.py-->line:65]-INFO-mylog-日志输出的信息：验证码与手机号码不对应用例测试通过
2019-09-17 21:42:45-[mylog.py-->line:65]-INFO-mylog-日志输出的信息：参数格式错误用例测试通过
2019-09-17 21:42:46-[mylog.py-->line:65]-INFO-mylog-日志输出的信息：用户已经被注册用例测试通过
2019-09-17 21:42:47-[mylog.py-->line:65]-INFO-mylog-日志输出的信息：手机号码已经被注册用例测试通过
2019-09-17 21:42:48-[mylog.py-->line:65]-INFO-mylog-日志输出的信息：验证码超时用例测试通过
2019-09-17 21:42:48-[mylog.py-->line:65]-INFO-mylog-日志输出的信息：-----注册模块测试执行结束-----
2019-09-17 21:42:48-[mylog.py-->line:65]-INFO-mylog-日志输出的信息：-----注册测试开始执行-----
2019-09-17 21:42:56-[mylog.py-->line:65]-INFO-mylog-日志输出的信息：-----实名认证模块测试执行结束-----
2019-09-17 21:55:26-[mylog.py-->line:65]-INFO-mylog-日志输出的信息：-----短信验证码测试开始执行-----
2019-09-17 21:55:26-[mylog.py-->line:65]-INFO-mylog-日志输出的信息：发送请求用例测试通过
2019-09-17 21:55:27-[mylog.py-->line:65]-INFO-mylog-日志输出的信息：手机号码格式不对用例测试通过
2019-09-17 21:55:27-[mylog.py-->line:65]-INFO-mylog-日志输出的信息：用户ip为空用例测试通过
2019-09-17 21:55:28-[mylog.py-->line:65]-INFO-mylog-日志输出的信息：短信模板不存在用例测试通过
2019-09-17 21:55:28-[mylog.py-->line:65]-INFO-mylog-日志输出的信息：-----短信验证码模块测试执行结束-----
2019-09-17 21:55:28-[mylog.py-->line:65]-INFO-mylog-日志输出的信息：-----注册测试开始执行-----
2019-09-17 21:55:29-[mylog.py-->line:65]-INFO-mylog-日志输出的信息：注册成功用例测试通过
2019-09-17 21:55:30-[mylog.py-->line:65]-INFO-mylog-日志输出的信息：验证码与手机号码不对应用例测试通过
2019-09-17 21:55:31-[mylog.py-->line:65]-INFO-mylog-日志输出的信息：参数格式错误用例测试通过
2019-09-17 21:55:32-[mylog.py-->line:65]-INFO-mylog-日志输出的信息：用户已经被注册用例测试通过
2019-09-17 21:55:34-[mylog.py-->line:65]-INFO-mylog-日志输出的信息：手机号码已经被注册用例测试通过
2019-09-17 21:55:35-[mylog.py-->line:65]-INFO-mylog-日志输出的信息：验证码超时用例测试通过
2019-09-17 21:55:35-[mylog.py-->line:65]-INFO-mylog-日志输出的信息：-----注册模块测试执行结束-----
2019-09-17 21:55:35-[mylog.py-->line:65]-INFO-mylog-日志输出的信息：-----注册测试开始执行-----
2019-09-17 21:55:42-[mylog.py-->line:65]-INFO-mylog-日志输出的信息：-----实名认证模块测试执行结束-----
2019-09-17 21:57:15-[mylog.py-->line:65]-INFO-mylog-日志输出的信息：-----短信验证码测试开始执行-----
2019-09-17 21:57:15-[mylog.py-->line:65]-INFO-mylog-日志输出的信息：发送请求用例测试通过
2019-09-17 21:57:16-[mylog.py-->line:65]-INFO-mylog-日志输出的信息：手机号码格式不对用例测试通过
2019-09-17 21:57:16-[mylog.py-->line:65]-INFO-mylog-日志输出的信息：用户ip为空用例测试通过
2019-09-17 21:57:17-[mylog.py-->line:65]-INFO-mylog-日志输出的信息：短信模板不存在用例测试通过
2019-09-17 21:57:17-[mylog.py-->line:65]-INFO-mylog-日志输出的信息：-----短信验证码模块测试执行结束-----
2019-09-17 21:57:17-[mylog.py-->line:65]-INFO-mylog-日志输出的信息：-----注册测试开始执行-----
2019-09-17 21:57:18-[mylog.py-->line:65]-INFO-mylog-日志输出的信息：注册成功用例测试通过
2019-09-17 21:57:19-[mylog.py-->line:65]-INFO-mylog-日志输出的信息：验证码与手机号码不对应用例测试通过
2019-09-17 21:57:20-[mylog.py-->line:65]-INFO-mylog-日志输出的信息：参数格式错误用例测试通过
2019-09-17 21:57:22-[mylog.py-->line:65]-INFO-mylog-日志输出的信息：用户已经被注册用例测试通过
2019-09-17 21:57:23-[mylog.py-->line:65]-INFO-mylog-日志输出的信息：手机号码已经被注册用例测试通过
2019-09-17 21:57:24-[mylog.py-->line:65]-INFO-mylog-日志输出的信息：验证码超时用例测试通过
2019-09-17 21:57:24-[mylog.py-->line:65]-INFO-mylog-日志输出的信息：-----注册模块测试执行结束-----
2019-09-17 21:57:24-[mylog.py-->line:65]-INFO-mylog-日志输出的信息：-----注册测试开始执行-----
2019-09-17 21:57:32-[mylog.py-->line:65]-INFO-mylog-日志输出的信息：-----实名认证模块测试执行结束-----
2019-09-17 22:03:33-[mylog.py-->line:65]-INFO-mylog-日志输出的信息：-----短信验证码测试开始执行-----
2019-09-17 22:03:33-[mylog.py-->line:65]-INFO-mylog-日志输出的信息：发送请求用例测试通过
2019-09-17 22:03:34-[mylog.py-->line:65]-INFO-mylog-日志输出的信息：手机号码格式不对用例测试通过
2019-09-17 22:03:34-[mylog.py-->line:65]-INFO-mylog-日志输出的信息：用户ip为空用例测试通过
2019-09-17 22:03:35-[mylog.py-->line:65]-INFO-mylog-日志输出的信息：短信模板不存在用例测试通过
2019-09-17 22:03:35-[mylog.py-->line:65]-INFO-mylog-日志输出的信息：-----短信验证码模块测试执行结束-----
2019-09-17 22:03:35-[mylog.py-->line:65]-INFO-mylog-日志输出的信息：-----注册测试开始执行-----
2019-09-17 22:03:36-[mylog.py-->line:65]-INFO-mylog-日志输出的信息：注册成功用例测试通过
2019-09-17 22:03:37-[mylog.py-->line:65]-INFO-mylog-日志输出的信息：验证码与手机号码不对应用例测试通过
2019-09-17 22:03:38-[mylog.py-->line:65]-INFO-mylog-日志输出的信息：参数格式错误用例测试通过
2019-09-17 22:03:39-[mylog.py-->line:65]-INFO-mylog-日志输出的信息：用户已经被注册用例测试通过
2019-09-17 22:03:40-[mylog.py-->line:65]-INFO-mylog-日志输出的信息：手机号码已经被注册用例测试通过
2019-09-17 22:03:42-[mylog.py-->line:65]-INFO-mylog-日志输出的信息：验证码超时用例测试通过
2019-09-17 22:03:42-[mylog.py-->line:65]-INFO-mylog-日志输出的信息：-----注册模块测试执行结束-----
2019-09-17 22:03:42-[mylog.py-->line:65]-INFO-mylog-日志输出的信息：-----注册测试开始执行-----
2019-09-17 22:03:50-[mylog.py-->line:65]-INFO-mylog-日志输出的信息：-----实名认证模块测试执行结束-----
2019-09-17 22:05:31-[mylog.py-->line:65]-INFO-mylog-日志输出的信息：-----短信验证码测试开始执行-----
2019-09-17 22:05:31-[mylog.py-->line:65]-INFO-mylog-日志输出的信息：发送请求用例测试通过
2019-09-17 22:05:32-[mylog.py-->line:65]-INFO-mylog-日志输出的信息：手机号码格式不对用例测试通过
2019-09-17 22:05:32-[mylog.py-->line:65]-INFO-mylog-日志输出的信息：用户ip为空用例测试通过
2019-09-17 22:05:33-[mylog.py-->line:65]-INFO-mylog-日志输出的信息：短信模板不存在用例测试通过
2019-09-17 22:05:33-[mylog.py-->line:65]-INFO-mylog-日志输出的信息：-----短信验证码模块测试执行结束-----
2019-09-17 22:05:33-[mylog.py-->line:65]-INFO-mylog-日志输出的信息：-----注册测试开始执行-----
2019-09-17 22:12:12-[mylog.py-->line:65]-INFO-mylog-日志输出的信息：-----短信验证码测试开始执行-----
2019-09-17 22:12:12-[mylog.py-->line:69]-ERROR-mylog-日志输出的信息：发送请求用例测试未通过
2019-09-17 22:12:13-[mylog.py-->line:65]-INFO-mylog-日志输出的信息：手机号码格式不对用例测试通过
2019-09-17 22:12:13-[mylog.py-->line:65]-INFO-mylog-日志输出的信息：用户ip为空用例测试通过
2019-09-17 22:12:13-[mylog.py-->line:65]-INFO-mylog-日志输出的信息：短信模板不存在用例测试通过
2019-09-17 22:12:13-[mylog.py-->line:65]-INFO-mylog-日志输出的信息：-----短信验证码模块测试执行结束-----
2019-09-17 22:12:14-[mylog.py-->line:65]-INFO-mylog-日志输出的信息：-----注册测试开始执行-----
2019-09-17 22:12:16-[mylog.py-->line:65]-INFO-mylog-日志输出的信息：-----注册模块测试执行结束-----
2019-09-17 22:12:17-[mylog.py-->line:65]-INFO-mylog-日志输出的信息：-----注册测试开始执行-----
2019-09-17 22:12:19-[mylog.py-->line:65]-INFO-mylog-日志输出的信息：-----实名认证模块测试执行结束-----
2019-09-17 22:12:53-[mylog.py-->line:65]-INFO-mylog-日志输出的信息：-----短信验证码测试开始执行-----
2019-09-17 22:12:53-[mylog.py-->line:65]-INFO-mylog-日志输出的信息：发送请求用例测试通过
2019-09-17 22:12:54-[mylog.py-->line:65]-INFO-mylog-日志输出的信息：手机号码格式不对用例测试通过
2019-09-17 22:12:54-[mylog.py-->line:65]-INFO-mylog-日志输出的信息：用户ip为空用例测试通过
2019-09-17 22:12:54-[mylog.py-->line:65]-INFO-mylog-日志输出的信息：短信模板不存在用例测试通过
2019-09-17 22:12:55-[mylog.py-->line:65]-INFO-mylog-日志输出的信息：-----短信验证码模块测试执行结束-----
2019-09-17 22:12:55-[mylog.py-->line:65]-INFO-mylog-日志输出的信息：-----注册测试开始执行-----
2019-09-17 22:12:56-[mylog.py-->line:65]-INFO-mylog-日志输出的信息：注册成功用例测试通过
2019-09-17 22:12:57-[mylog.py-->line:65]-INFO-mylog-日志输出的信息：验证码与手机号码不对应用例测试通过
2019-09-17 22:12:58-[mylog.py-->line:65]-INFO-mylog-日志输出的信息：参数格式错误用例测试通过
2019-09-17 22:12:59-[mylog.py-->line:65]-INFO-mylog-日志输出的信息：用户已经被注册用例测试通过
2019-09-17 22:13:00-[mylog.py-->line:65]-INFO-mylog-日志输出的信息：手机号码已经被注册用例测试通过
2019-09-17 22:13:02-[mylog.py-->line:65]-INFO-mylog-日志输出的信息：验证码超时用例测试通过
2019-09-17 22:13:02-[mylog.py-->line:65]-INFO-mylog-日志输出的信息：-----注册模块测试执行结束-----
2019-09-17 22:13:02-[mylog.py-->line:65]-INFO-mylog-日志输出的信息：-----注册测试开始执行-----
2019-09-17 22:13:11-[mylog.py-->line:65]-INFO-mylog-日志输出的信息：-----实名认证模块测试执行结束-----
2019-09-17 22:17:00-[mylog.py-->line:65]-INFO-mylog-日志输出的信息：-----短信验证码测试开始执行-----
2019-09-17 22:17:00-[mylog.py-->line:65]-INFO-mylog-日志输出的信息：发送请求用例测试通过
2019-09-17 22:17:01-[mylog.py-->line:65]-INFO-mylog-日志输出的信息：手机号码格式不对用例测试通过
2019-09-17 22:17:01-[mylog.py-->line:65]-INFO-mylog-日志输出的信息：用户ip为空用例测试通过
2019-09-17 22:17:02-[mylog.py-->line:65]-INFO-mylog-日志输出的信息：短信模板不存在用例测试通过
2019-09-17 22:17:02-[mylog.py-->line:65]-INFO-mylog-日志输出的信息：-----短信验证码模块测试执行结束-----
2019-09-17 22:17:02-[mylog.py-->line:65]-INFO-mylog-日志输出的信息：-----注册测试开始执行-----
2019-09-17 22:17:04-[mylog.py-->line:65]-INFO-mylog-日志输出的信息：注册成功用例测试通过
2019-09-17 22:17:05-[mylog.py-->line:65]-INFO-mylog-日志输出的信息：验证码与手机号码不对应用例测试通过
2019-09-17 22:17:06-[mylog.py-->line:65]-INFO-mylog-日志输出的信息：参数格式错误用例测试通过
2019-09-17 22:17:07-[mylog.py-->line:65]-INFO-mylog-日志输出的信息：用户已经被注册用例测试通过
2019-09-17 22:17:08-[mylog.py-->line:65]-INFO-mylog-日志输出的信息：手机号码已经被注册用例测试通过
2019-09-17 22:17:10-[mylog.py-->line:65]-INFO-mylog-日志输出的信息：验证码超时用例测试通过
2019-09-17 22:17:10-[mylog.py-->line:65]-INFO-mylog-日志输出的信息：-----注册模块测试执行结束-----
2019-09-17 22:17:10-[mylog.py-->line:65]-INFO-mylog-日志输出的信息：-----注册测试开始执行-----
2019-09-17 22:17:19-[mylog.py-->line:65]-INFO-mylog-日志输出的信息：-----实名认证模块测试执行结束-----
2019-09-17 22:19:49-[mylog.py-->line:65]-INFO-mylog-日志输出的信息：-----短信验证码测试开始执行-----
2019-09-17 22:19:50-[mylog.py-->line:65]-INFO-mylog-日志输出的信息：发送请求用例测试通过
2019-09-17 22:19:50-[mylog.py-->line:65]-INFO-mylog-日志输出的信息：手机号码格式不对用例测试通过
2019-09-17 22:19:51-[mylog.py-->line:65]-INFO-mylog-日志输出的信息：用户ip为空用例测试通过
2019-09-17 22:19:51-[mylog.py-->line:65]-INFO-mylog-日志输出的信息：短信模板不存在用例测试通过
2019-09-17 22:19:51-[mylog.py-->line:65]-INFO-mylog-日志输出的信息：-----短信验证码模块测试执行结束-----
2019-09-17 22:19:51-[mylog.py-->line:65]-INFO-mylog-日志输出的信息：-----注册测试开始执行-----
2019-09-17 22:19:53-[mylog.py-->line:65]-INFO-mylog-日志输出的信息：注册成功用例测试通过
2019-09-17 22:19:54-[mylog.py-->line:65]-INFO-mylog-日志输出的信息：验证码与手机号码不对应用例测试通过
2019-09-17 22:19:55-[mylog.py-->line:65]-INFO-mylog-日志输出的信息：参数格式错误用例测试通过
2019-09-17 22:19:56-[mylog.py-->line:65]-INFO-mylog-日志输出的信息：用户已经被注册用例测试通过
2019-09-17 22:19:57-[mylog.py-->line:65]-INFO-mylog-日志输出的信息：手机号码已经被注册用例测试通过
2019-09-17 22:19:58-[mylog.py-->line:65]-INFO-mylog-日志输出的信息：验证码超时用例测试通过
2019-09-17 22:19:58-[mylog.py-->line:65]-INFO-mylog-日志输出的信息：-----注册模块测试执行结束-----
2019-09-17 22:19:58-[mylog.py-->line:65]-INFO-mylog-日志输出的信息：-----注册测试开始执行-----
2019-09-17 22:20:00-[mylog.py-->line:69]-ERROR-mylog-日志输出的信息：实名认证成功用例测试未通过
2019-09-17 22:20:02-[mylog.py-->line:65]-INFO-mylog-日志输出的信息：用户未注册用例测试通过
2019-09-17 22:20:04-[mylog.py-->line:65]-INFO-mylog-日志输出的信息：真实姓名有误用例测试通过
2019-09-17 22:20:05-[mylog.py-->line:65]-INFO-mylog-日志输出的信息：身份证格式错误用例测试通过
2019-09-17 22:20:07-[mylog.py-->line:65]-INFO-mylog-日志输出的信息：不是合法的身份证用例测试通过
2019-09-17 22:20:07-[mylog.py-->line:65]-INFO-mylog-日志输出的信息：-----实名认证模块测试执行结束-----
2019-09-17 22:20:42-[mylog.py-->line:65]-INFO-mylog-日志输出的信息：-----短信验证码测试开始执行-----
2019-09-17 22:20:43-[mylog.py-->line:65]-INFO-mylog-日志输出的信息：发送请求用例测试通过
2019-09-17 22:20:43-[mylog.py-->line:65]-INFO-mylog-日志输出的信息：手机号码格式不对用例测试通过
2019-09-17 22:20:44-[mylog.py-->line:65]-INFO-mylog-日志输出的信息：用户ip为空用例测试通过
2019-09-17 22:20:44-[mylog.py-->line:65]-INFO-mylog-日志输出的信息：短信模板不存在用例测试通过
2019-09-17 22:20:44-[mylog.py-->line:65]-INFO-mylog-日志输出的信息：-----短信验证码模块测试执行结束-----
2019-09-17 22:20:44-[mylog.py-->line:65]-INFO-mylog-日志输出的信息：-----注册测试开始执行-----
2019-09-17 22:20:46-[mylog.py-->line:65]-INFO-mylog-日志输出的信息：注册成功用例测试通过
2019-09-17 22:20:47-[mylog.py-->line:65]-INFO-mylog-日志输出的信息：验证码与手机号码不对应用例测试通过
2019-09-17 22:20:48-[mylog.py-->line:65]-INFO-mylog-日志输出的信息：参数格式错误用例测试通过
2019-09-17 22:20:49-[mylog.py-->line:65]-INFO-mylog-日志输出的信息：用户已经被注册用例测试通过
2019-09-17 22:20:50-[mylog.py-->line:65]-INFO-mylog-日志输出的信息：手机号码已经被注册用例测试通过
2019-09-17 22:20:51-[mylog.py-->line:65]-INFO-mylog-日志输出的信息：验证码超时用例测试通过
2019-09-17 22:20:51-[mylog.py-->line:65]-INFO-mylog-日志输出的信息：-----注册模块测试执行结束-----
2019-09-17 22:20:51-[mylog.py-->line:65]-INFO-mylog-日志输出的信息：-----注册测试开始执行-----
2019-09-17 22:20:53-[mylog.py-->line:65]-INFO-mylog-日志输出的信息：实名认证成功用例测试通过
2019-09-17 22:20:55-[mylog.py-->line:65]-INFO-mylog-日志输出的信息：用户未注册用例测试通过
2019-09-17 22:20:57-[mylog.py-->line:65]-INFO-mylog-日志输出的信息：真实姓名有误用例测试通过
2019-09-17 22:20:58-[mylog.py-->line:65]-INFO-mylog-日志输出的信息：身份证格式错误用例测试通过
2019-09-17 22:21:00-[mylog.py-->line:65]-INFO-mylog-日志输出的信息：不是合法的身份证用例测试通过
2019-09-17 22:21:00-[mylog.py-->line:65]-INFO-mylog-日志输出的信息：-----实名认证模块测试执行结束-----
2019-09-17 22:21:54-[mylog.py-->line:65]-INFO-mylog-日志输出的信息：-----短信验证码测试开始执行-----
2019-09-17 22:21:54-[mylog.py-->line:65]-INFO-mylog-日志输出的信息：发送请求用例测试通过
2019-09-17 22:21:54-[mylog.py-->line:65]-INFO-mylog-日志输出的信息：手机号码格式不对用例测试通过
2019-09-17 22:21:55-[mylog.py-->line:65]-INFO-mylog-日志输出的信息：用户ip为空用例测试通过
2019-09-17 22:21:55-[mylog.py-->line:65]-INFO-mylog-日志输出的信息：短信模板不存在用例测试通过
2019-09-17 22:21:56-[mylog.py-->line:65]-INFO-mylog-日志输出的信息：-----短信验证码模块测试执行结束-----
2019-09-17 22:21:56-[mylog.py-->line:65]-INFO-mylog-日志输出的信息：-----注册测试开始执行-----
2019-09-17 22:21:57-[mylog.py-->line:65]-INFO-mylog-日志输出的信息：注册成功用例测试通过
2019-09-17 22:21:59-[mylog.py-->line:65]-INFO-mylog-日志输出的信息：-----注册模块测试执行结束-----
2019-09-17 22:21:59-[mylog.py-->line:65]-INFO-mylog-日志输出的信息：-----注册测试开始执行-----
2019-09-17 22:22:01-[mylog.py-->line:65]-INFO-mylog-日志输出的信息：-----实名认证模块测试执行结束-----
2019-09-17 22:22:26-[mylog.py-->line:65]-INFO-mylog-日志输出的信息：-----短信验证码测试开始执行-----
2019-09-17 22:22:27-[mylog.py-->line:65]-INFO-mylog-日志输出的信息：发送请求用例测试通过
2019-09-17 22:22:27-[mylog.py-->line:65]-INFO-mylog-日志输出的信息：手机号码格式不对用例测试通过
2019-09-17 22:22:27-[mylog.py-->line:65]-INFO-mylog-日志输出的信息：用户ip为空用例测试通过
2019-09-17 22:22:28-[mylog.py-->line:65]-INFO-mylog-日志输出的信息：短信模板不存在用例测试通过
2019-09-17 22:22:28-[mylog.py-->line:65]-INFO-mylog-日志输出的信息：-----短信验证码模块测试执行结束-----
2019-09-17 22:22:28-[mylog.py-->line:65]-INFO-mylog-日志输出的信息：-----注册测试开始执行-----
2019-09-17 22:22:29-[mylog.py-->line:65]-INFO-mylog-日志输出的信息：注册成功用例测试通过
2019-09-17 22:22:31-[mylog.py-->line:65]-INFO-mylog-日志输出的信息：验证码与手机号码不对应用例测试通过
2019-09-17 22:22:32-[mylog.py-->line:65]-INFO-mylog-日志输出的信息：参数格式错误用例测试通过
2019-09-17 22:22:33-[mylog.py-->line:65]-INFO-mylog-日志输出的信息：用户已经被注册用例测试通过
2019-09-17 22:22:34-[mylog.py-->line:65]-INFO-mylog-日志输出的信息：手机号码已经被注册用例测试通过
2019-09-17 22:22:35-[mylog.py-->line:65]-INFO-mylog-日志输出的信息：验证码超时用例测试通过
2019-09-17 22:22:35-[mylog.py-->line:65]-INFO-mylog-日志输出的信息：-----注册模块测试执行结束-----
2019-09-17 22:22:35-[mylog.py-->line:65]-INFO-mylog-日志输出的信息：-----注册测试开始执行-----
2019-09-17 22:22:37-[mylog.py-->line:65]-INFO-mylog-日志输出的信息：实名认证成功用例测试通过
2019-09-17 22:22:39-[mylog.py-->line:65]-INFO-mylog-日志输出的信息：用户未注册用例测试通过
2019-09-17 22:22:40-[mylog.py-->line:65]-INFO-mylog-日志输出的信息：真实姓名有误用例测试通过
2019-09-17 22:22:42-[mylog.py-->line:65]-INFO-mylog-日志输出的信息：身份证格式错误用例测试通过
2019-09-17 22:22:43-[mylog.py-->line:65]-INFO-mylog-日志输出的信息：不是合法的身份证用例测试通过
2019-09-17 22:22:44-[mylog.py-->line:65]-INFO-mylog-日志输出的信息：-----实名认证模块测试执行结束-----
2019-09-17 22:23:25-[mylog.py-->line:65]-INFO-mylog-日志输出的信息：-----短信验证码测试开始执行-----
2019-09-17 22:23:25-[mylog.py-->line:65]-INFO-mylog-日志输出的信息：发送请求用例测试通过
2019-09-17 22:23:25-[mylog.py-->line:65]-INFO-mylog-日志输出的信息：手机号码格式不对用例测试通过
2019-09-17 22:23:26-[mylog.py-->line:65]-INFO-mylog-日志输出的信息：用户ip为空用例测试通过
2019-09-17 22:23:26-[mylog.py-->line:65]-INFO-mylog-日志输出的信息：短信模板不存在用例测试通过
2019-09-17 22:23:26-[mylog.py-->line:65]-INFO-mylog-日志输出的信息：-----短信验证码模块测试执行结束-----
2019-09-17 22:23:26-[mylog.py-->line:65]-INFO-mylog-日志输出的信息：-----注册测试开始执行-----
2019-09-17 22:23:28-[mylog.py-->line:65]-INFO-mylog-日志输出的信息：注册成功用例测试通过
2019-09-17 22:23:29-[mylog.py-->line:65]-INFO-mylog-日志输出的信息：验证码与手机号码不对应用例测试通过
2019-09-17 22:23:30-[mylog.py-->line:65]-INFO-mylog-日志输出的信息：参数格式错误用例测试通过
2019-09-17 22:23:32-[mylog.py-->line:65]-INFO-mylog-日志输出的信息：用户已经被注册用例测试通过
2019-09-17 22:23:33-[mylog.py-->line:65]-INFO-mylog-日志输出的信息：手机号码已经被注册用例测试通过
2019-09-17 22:23:34-[mylog.py-->line:65]-INFO-mylog-日志输出的信息：验证码超时用例测试通过
2019-09-17 22:23:34-[mylog.py-->line:65]-INFO-mylog-日志输出的信息：-----注册模块测试执行结束-----
2019-09-17 22:23:34-[mylog.py-->line:65]-INFO-mylog-日志输出的信息：-----注册测试开始执行-----
2019-09-17 22:23:36-[mylog.py-->line:65]-INFO-mylog-日志输出的信息：实名认证成功用例测试通过
2019-09-17 22:23:38-[mylog.py-->line:65]-INFO-mylog-日志输出的信息：用户未注册用例测试通过
2019-09-17 22:23:40-[mylog.py-->line:65]-INFO-mylog-日志输出的信息：真实姓名有误用例测试通过
2019-09-17 22:23:41-[mylog.py-->line:65]-INFO-mylog-日志输出的信息：身份证格式错误用例测试通过
2019-09-17 22:23:43-[mylog.py-->line:65]-INFO-mylog-日志输出的信息：不是合法的身份证用例测试通过
2019-09-17 22:23:43-[mylog.py-->line:65]-INFO-mylog-日志输出的信息：-----实名认证模块测试执行结束-----
2019-09-17 22:29:30-[mylog.py-->line:65]-INFO-mylog-日志输出的信息：-----短信验证码测试开始执行-----
2019-09-17 22:29:30-[mylog.py-->line:65]-INFO-mylog-日志输出的信息：发送请求用例测试通过
2019-09-17 22:29:31-[mylog.py-->line:65]-INFO-mylog-日志输出的信息：手机号码格式不对用例测试通过
2019-09-17 22:29:31-[mylog.py-->line:65]-INFO-mylog-日志输出的信息：用户ip为空用例测试通过
2019-09-17 22:29:32-[mylog.py-->line:65]-INFO-mylog-日志输出的信息：短信模板不存在用例测试通过
2019-09-17 22:29:32-[mylog.py-->line:65]-INFO-mylog-日志输出的信息：-----短信验证码模块测试执行结束-----
2019-09-17 22:29:32-[mylog.py-->line:65]-INFO-mylog-日志输出的信息：-----注册测试开始执行-----
2019-09-17 22:29:33-[mylog.py-->line:65]-INFO-mylog-日志输出的信息：注册成功用例测试通过
2019-09-17 22:29:34-[mylog.py-->line:65]-INFO-mylog-日志输出的信息：验证码与手机号码不对应用例测试通过
2019-09-17 22:29:35-[mylog.py-->line:65]-INFO-mylog-日志输出的信息：参数格式错误用例测试通过
2019-09-17 22:29:36-[mylog.py-->line:65]-INFO-mylog-日志输出的信息：用户已经被注册用例测试通过
2019-09-17 22:29:37-[mylog.py-->line:65]-INFO-mylog-日志输出的信息：手机号码已经被注册用例测试通过
2019-09-17 22:29:39-[mylog.py-->line:65]-INFO-mylog-日志输出的信息：验证码超时用例测试通过
2019-09-17 22:29:39-[mylog.py-->line:65]-INFO-mylog-日志输出的信息：-----注册模块测试执行结束-----
2019-09-17 22:29:39-[mylog.py-->line:65]-INFO-mylog-日志输出的信息：-----注册测试开始执行-----
2019-09-17 22:29:41-[mylog.py-->line:65]-INFO-mylog-日志输出的信息：实名认证成功用例测试通过
2019-09-17 22:29:43-[mylog.py-->line:65]-INFO-mylog-日志输出的信息：用户未注册用例测试通过
2019-09-17 22:29:45-[mylog.py-->line:65]-INFO-mylog-日志输出的信息：真实姓名有误用例测试通过
2019-09-17 22:29:47-[mylog.py-->line:65]-INFO-mylog-日志输出的信息：身份证格式错误用例测试通过
2019-09-17 22:29:49-[mylog.py-->line:65]-INFO-mylog-日志输出的信息：不是合法的身份证用例测试通过
2019-09-17 22:29:49-[mylog.py-->line:65]-INFO-mylog-日志输出的信息：-----实名认证模块测试执行结束-----
2019-09-17 22:33:27-[mylog.py-->line:65]-INFO-mylog-日志输出的信息：-----短信验证码测试开始执行-----
2019-09-17 22:33:27-[mylog.py-->line:65]-INFO-mylog-日志输出的信息：发送请求用例测试通过
2019-09-17 22:33:28-[mylog.py-->line:65]-INFO-mylog-日志输出的信息：手机号码格式不对用例测试通过
2019-09-17 22:33:28-[mylog.py-->line:65]-INFO-mylog-日志输出的信息：用户ip为空用例测试通过
2019-09-17 22:33:29-[mylog.py-->line:65]-INFO-mylog-日志输出的信息：短信模板不存在用例测试通过
2019-09-17 22:33:29-[mylog.py-->line:65]-INFO-mylog-日志输出的信息：-----短信验证码模块测试执行结束-----
2019-09-17 22:33:29-[mylog.py-->line:65]-INFO-mylog-日志输出的信息：-----注册测试开始执行-----
2019-09-17 22:33:30-[mylog.py-->line:65]-INFO-mylog-日志输出的信息：注册成功用例测试通过
2019-09-17 22:33:32-[mylog.py-->line:65]-INFO-mylog-日志输出的信息：验证码与手机号码不对应用例测试通过
2019-09-17 22:33:33-[mylog.py-->line:65]-INFO-mylog-日志输出的信息：参数格式错误用例测试通过
2019-09-17 22:33:34-[mylog.py-->line:65]-INFO-mylog-日志输出的信息：用户已经被注册用例测试通过
2019-09-17 22:33:36-[mylog.py-->line:65]-INFO-mylog-日志输出的信息：手机号码已经被注册用例测试通过
2019-09-17 22:33:37-[mylog.py-->line:65]-INFO-mylog-日志输出的信息：验证码超时用例测试通过
2019-09-17 22:33:38-[mylog.py-->line:65]-INFO-mylog-日志输出的信息：-----注册模块测试执行结束-----
2019-09-17 22:33:38-[mylog.py-->line:65]-INFO-mylog-日志输出的信息：-----注册测试开始执行-----
2019-09-17 22:33:40-[mylog.py-->line:65]-INFO-mylog-日志输出的信息：实名认证成功用例测试通过
2019-09-17 22:33:42-[mylog.py-->line:65]-INFO-mylog-日志输出的信息：用户未注册用例测试通过
2019-09-17 22:33:44-[mylog.py-->line:65]-INFO-mylog-日志输出的信息：真实姓名有误用例测试通过
2019-09-17 22:33:46-[mylog.py-->line:65]-INFO-mylog-日志输出的信息：身份证格式错误用例测试通过
2019-09-17 22:33:48-[mylog.py-->line:65]-INFO-mylog-日志输出的信息：不是合法的身份证用例测试通过
2019-09-17 22:33:49-[mylog.py-->line:65]-INFO-mylog-日志输出的信息：-----实名认证模块测试执行结束-----
2019-09-17 22:34:19-[mylog.py-->line:65]-INFO-mylog-日志输出的信息：-----短信验证码测试开始执行-----
2019-09-17 22:34:19-[mylog.py-->line:65]-INFO-mylog-日志输出的信息：发送请求用例测试通过
2019-09-17 22:34:20-[mylog.py-->line:65]-INFO-mylog-日志输出的信息：手机号码格式不对用例测试通过
2019-09-17 22:34:20-[mylog.py-->line:65]-INFO-mylog-日志输出的信息：用户ip为空用例测试通过
2019-09-17 22:34:20-[mylog.py-->line:65]-INFO-mylog-日志输出的信息：短信模板不存在用例测试通过
2019-09-17 22:34:21-[mylog.py-->line:65]-INFO-mylog-日志输出的信息：-----短信验证码模块测试执行结束-----
2019-09-17 22:34:21-[mylog.py-->line:65]-INFO-mylog-日志输出的信息：-----注册测试开始执行-----
2019-09-17 22:34:22-[mylog.py-->line:65]-INFO-mylog-日志输出的信息：注册成功用例测试通过
2019-09-17 22:34:26-[mylog.py-->line:65]-INFO-mylog-日志输出的信息：-----注册模块测试执行结束-----
2019-09-17 22:34:26-[mylog.py-->line:65]-INFO-mylog-日志输出的信息：-----注册测试开始执行-----
2019-09-17 22:34:29-[mylog.py-->line:65]-INFO-mylog-日志输出的信息：-----实名认证模块测试执行结束-----
2019-09-17 22:35:22-[mylog.py-->line:65]-INFO-mylog-日志输出的信息：-----短信验证码测试开始执行-----
2019-09-17 22:35:22-[mylog.py-->line:65]-INFO-mylog-日志输出的信息：发送请求用例测试通过
2019-09-17 22:35:23-[mylog.py-->line:65]-INFO-mylog-日志输出的信息：手机号码格式不对用例测试通过
2019-09-17 22:35:23-[mylog.py-->line:65]-INFO-mylog-日志输出的信息：用户ip为空用例测试通过
2019-09-17 22:35:24-[mylog.py-->line:65]-INFO-mylog-日志输出的信息：短信模板不存在用例测试通过
2019-09-17 22:35:24-[mylog.py-->line:65]-INFO-mylog-日志输出的信息：-----短信验证码模块测试执行结束-----
2019-09-17 22:35:24-[mylog.py-->line:65]-INFO-mylog-日志输出的信息：-----注册测试开始执行-----
2019-09-17 22:35:25-[mylog.py-->line:65]-INFO-mylog-日志输出的信息：注册成功用例测试通过
2019-09-17 22:35:26-[mylog.py-->line:65]-INFO-mylog-日志输出的信息：验证码与手机号码不对应用例测试通过
2019-09-17 22:35:27-[mylog.py-->line:65]-INFO-mylog-日志输出的信息：参数格式错误用例测试通过
2019-09-17 22:35:29-[mylog.py-->line:65]-INFO-mylog-日志输出的信息：用户已经被注册用例测试通过
2019-09-17 22:35:30-[mylog.py-->line:65]-INFO-mylog-日志输出的信息：手机号码已经被注册用例测试通过
2019-09-17 22:35:31-[mylog.py-->line:65]-INFO-mylog-日志输出的信息：验证码超时用例测试通过
2019-09-17 22:35:31-[mylog.py-->line:65]-INFO-mylog-日志输出的信息：-----注册模块测试执行结束-----
2019-09-17 22:35:32-[mylog.py-->line:65]-INFO-mylog-日志输出的信息：-----注册测试开始执行-----
2019-09-17 22:35:34-[mylog.py-->line:65]-INFO-mylog-日志输出的信息：实名认证成功用例测试通过
2019-09-17 22:35:36-[mylog.py-->line:65]-INFO-mylog-日志输出的信息：用户未注册用例测试通过
2019-09-17 22:35:38-[mylog.py-->line:65]-INFO-mylog-日志输出的信息：真实姓名有误用例测试通过
2019-09-17 22:35:40-[mylog.py-->line:65]-INFO-mylog-日志输出的信息：身份证格式错误用例测试通过
2019-09-17 22:35:42-[mylog.py-->line:65]-INFO-mylog-日志输出的信息：不是合法的身份证用例测试通过
2019-09-17 22:35:42-[mylog.py-->line:65]-INFO-mylog-日志输出的信息：-----实名认证模块测试执行结束-----
