2019-09-19 00:00:52-[mylog.py-->line:65]-INFO-mylog-日志输出的信息：-----短信验证码测试开始执行-----
2019-09-19 00:00:52-[mylog.py-->line:65]-INFO-mylog-日志输出的信息：发送请求用例测试通过
2019-09-19 00:00:52-[mylog.py-->line:65]-INFO-mylog-日志输出的信息：手机号码格式不对用例测试通过
2019-09-19 00:00:53-[mylog.py-->line:65]-INFO-mylog-日志输出的信息：用户ip为空用例测试通过
2019-09-19 00:00:53-[mylog.py-->line:65]-INFO-mylog-日志输出的信息：短信模板不存在用例测试通过
2019-09-19 00:00:53-[mylog.py-->line:65]-INFO-mylog-日志输出的信息：-----短信验证码模块测试执行结束-----
2019-09-19 00:00:53-[mylog.py-->line:65]-INFO-mylog-日志输出的信息：-----注册测试开始执行-----
2019-09-19 00:00:55-[mylog.py-->line:65]-INFO-mylog-日志输出的信息：注册成功用例测试通过
2019-09-19 00:00:56-[mylog.py-->line:65]-INFO-mylog-日志输出的信息：验证码与手机号码不对应用例测试通过
2019-09-19 00:00:56-[mylog.py-->line:65]-INFO-mylog-日志输出的信息：参数格式错误用例测试通过
2019-09-19 00:00:57-[mylog.py-->line:65]-INFO-mylog-日志输出的信息：用户已经被注册用例测试通过
2019-09-19 00:00:58-[mylog.py-->line:65]-INFO-mylog-日志输出的信息：手机号码已经被注册用例测试通过
2019-09-19 00:00:59-[mylog.py-->line:65]-INFO-mylog-日志输出的信息：验证码超时用例测试通过
2019-09-19 00:00:59-[mylog.py-->line:65]-INFO-mylog-日志输出的信息：-----注册模块测试执行结束-----
2019-09-19 00:00:59-[mylog.py-->line:65]-INFO-mylog-日志输出的信息：-----实名认证模块测试开始执行-----
2019-09-19 00:01:00-[mylog.py-->line:65]-INFO-mylog-日志输出的信息：实名认证成功用例测试通过
2019-09-19 00:01:02-[mylog.py-->line:69]-ERROR-mylog-日志输出的信息：用户未注册用例测试未通过
2019-09-19 00:01:03-[mylog.py-->line:65]-INFO-mylog-日志输出的信息：真实姓名有误用例测试通过
2019-09-19 00:01:05-[mylog.py-->line:65]-INFO-mylog-日志输出的信息：身份证格式错误用例测试通过
2019-09-19 00:01:06-[mylog.py-->line:65]-INFO-mylog-日志输出的信息：不是合法的身份证用例测试通过
2019-09-19 00:01:06-[mylog.py-->line:65]-INFO-mylog-日志输出的信息：-----实名认证模块测试执行结束-----
2019-09-19 00:05:13-[mylog.py-->line:65]-INFO-mylog-日志输出的信息：-----短信验证码测试开始执行-----
2019-09-19 00:05:13-[mylog.py-->line:65]-INFO-mylog-日志输出的信息：发送请求用例测试通过
2019-09-19 00:05:13-[mylog.py-->line:65]-INFO-mylog-日志输出的信息：手机号码格式不对用例测试通过
2019-09-19 00:05:14-[mylog.py-->line:65]-INFO-mylog-日志输出的信息：用户ip为空用例测试通过
2019-09-19 00:05:14-[mylog.py-->line:65]-INFO-mylog-日志输出的信息：短信模板不存在用例测试通过
2019-09-19 00:05:14-[mylog.py-->line:65]-INFO-mylog-日志输出的信息：-----短信验证码模块测试执行结束-----
2019-09-19 00:05:14-[mylog.py-->line:65]-INFO-mylog-日志输出的信息：-----注册测试开始执行-----
2019-09-19 00:05:15-[mylog.py-->line:65]-INFO-mylog-日志输出的信息：注册成功用例测试通过
2019-09-19 00:05:16-[mylog.py-->line:65]-INFO-mylog-日志输出的信息：验证码与手机号码不对应用例测试通过
2019-09-19 00:05:17-[mylog.py-->line:65]-INFO-mylog-日志输出的信息：参数格式错误用例测试通过
2019-09-19 00:05:18-[mylog.py-->line:65]-INFO-mylog-日志输出的信息：用户已经被注册用例测试通过
2019-09-19 00:05:18-[mylog.py-->line:65]-INFO-mylog-日志输出的信息：手机号码已经被注册用例测试通过
2019-09-19 00:05:19-[mylog.py-->line:65]-INFO-mylog-日志输出的信息：验证码超时用例测试通过
2019-09-19 00:05:19-[mylog.py-->line:65]-INFO-mylog-日志输出的信息：-----注册模块测试执行结束-----
2019-09-19 00:05:19-[mylog.py-->line:65]-INFO-mylog-日志输出的信息：-----实名认证模块测试开始执行-----
2019-09-19 00:05:21-[mylog.py-->line:65]-INFO-mylog-日志输出的信息：实名认证成功用例测试通过
2019-09-19 00:05:22-[mylog.py-->line:65]-INFO-mylog-日志输出的信息：用户未注册用例测试通过
2019-09-19 00:05:23-[mylog.py-->line:65]-INFO-mylog-日志输出的信息：真实姓名有误用例测试通过
2019-09-19 00:05:25-[mylog.py-->line:65]-INFO-mylog-日志输出的信息：身份证格式错误用例测试通过
2019-09-19 00:05:26-[mylog.py-->line:65]-INFO-mylog-日志输出的信息：不是合法的身份证用例测试通过
2019-09-19 00:05:26-[mylog.py-->line:65]-INFO-mylog-日志输出的信息：-----实名认证模块测试执行结束-----
