2019-09-16 19:38:42-[mylog.py-->line:65]-INFO-mylog-日志输出的信息：-----短信验证码测试开始执行-----
2019-09-16 19:38:42-[mylog.py-->line:65]-INFO-mylog-日志输出的信息：发送请求用例测试通过
2019-09-16 19:38:43-[mylog.py-->line:65]-INFO-mylog-日志输出的信息：手机号码格式不对用例测试通过
2019-09-16 19:38:44-[mylog.py-->line:65]-INFO-mylog-日志输出的信息：用户ip为空用例测试通过
2019-09-16 19:38:44-[mylog.py-->line:65]-INFO-mylog-日志输出的信息：短信模板不存在用例测试通过
2019-09-16 19:38:44-[mylog.py-->line:65]-INFO-mylog-日志输出的信息：-----短信验证码模块测试执行结束-----
2019-09-16 23:20:54-[mylog.py-->line:65]-INFO-mylog-日志输出的信息：-----短信验证码测试开始执行-----
2019-09-16 23:20:55-[mylog.py-->line:65]-INFO-mylog-日志输出的信息：发送请求用例测试通过
2019-09-16 23:20:55-[mylog.py-->line:65]-INFO-mylog-日志输出的信息：手机号码格式不对用例测试通过
2019-09-16 23:20:56-[mylog.py-->line:65]-INFO-mylog-日志输出的信息：用户ip为空用例测试通过
2019-09-16 23:20:56-[mylog.py-->line:65]-INFO-mylog-日志输出的信息：短信模板不存在用例测试通过
2019-09-16 23:20:56-[mylog.py-->line:65]-INFO-mylog-日志输出的信息：-----短信验证码模块测试执行结束-----
2019-09-16 23:20:56-[mylog.py-->line:65]-INFO-mylog-日志输出的信息：-----注册测试开始执行-----
2019-09-16 23:21:01-[mylog.py-->line:65]-INFO-mylog-日志输出的信息：-----短信验证码模块测试执行结束-----
2019-09-16 23:29:33-[mylog.py-->line:65]-INFO-mylog-日志输出的信息：-----短信验证码测试开始执行-----
2019-09-16 23:29:34-[mylog.py-->line:65]-INFO-mylog-日志输出的信息：发送请求用例测试通过
2019-09-16 23:29:34-[mylog.py-->line:65]-INFO-mylog-日志输出的信息：手机号码格式不对用例测试通过
2019-09-16 23:29:34-[mylog.py-->line:65]-INFO-mylog-日志输出的信息：用户ip为空用例测试通过
2019-09-16 23:29:35-[mylog.py-->line:65]-INFO-mylog-日志输出的信息：短信模板不存在用例测试通过
2019-09-16 23:29:35-[mylog.py-->line:65]-INFO-mylog-日志输出的信息：-----短信验证码模块测试执行结束-----
2019-09-16 23:29:35-[mylog.py-->line:65]-INFO-mylog-日志输出的信息：-----注册测试开始执行-----
2019-09-16 23:29:40-[mylog.py-->line:65]-INFO-mylog-日志输出的信息：-----短信验证码模块测试执行结束-----
2019-09-16 23:30:30-[mylog.py-->line:65]-INFO-mylog-日志输出的信息：-----短信验证码测试开始执行-----
2019-09-16 23:30:31-[mylog.py-->line:65]-INFO-mylog-日志输出的信息：发送请求用例测试通过
2019-09-16 23:30:31-[mylog.py-->line:65]-INFO-mylog-日志输出的信息：手机号码格式不对用例测试通过
2019-09-16 23:30:32-[mylog.py-->line:65]-INFO-mylog-日志输出的信息：用户ip为空用例测试通过
2019-09-16 23:30:32-[mylog.py-->line:65]-INFO-mylog-日志输出的信息：短信模板不存在用例测试通过
2019-09-16 23:30:32-[mylog.py-->line:65]-INFO-mylog-日志输出的信息：-----短信验证码模块测试执行结束-----
2019-09-16 23:30:32-[mylog.py-->line:65]-INFO-mylog-日志输出的信息：-----注册测试开始执行-----
2019-09-16 23:30:37-[mylog.py-->line:65]-INFO-mylog-日志输出的信息：-----短信验证码模块测试执行结束-----
2019-09-16 23:30:44-[mylog.py-->line:65]-INFO-mylog-日志输出的信息：-----短信验证码测试开始执行-----
2019-09-16 23:30:44-[mylog.py-->line:65]-INFO-mylog-日志输出的信息：发送请求用例测试通过
2019-09-16 23:30:45-[mylog.py-->line:65]-INFO-mylog-日志输出的信息：手机号码格式不对用例测试通过
2019-09-16 23:30:45-[mylog.py-->line:65]-INFO-mylog-日志输出的信息：用户ip为空用例测试通过
2019-09-16 23:30:46-[mylog.py-->line:65]-INFO-mylog-日志输出的信息：短信模板不存在用例测试通过
2019-09-16 23:30:46-[mylog.py-->line:65]-INFO-mylog-日志输出的信息：-----短信验证码模块测试执行结束-----
2019-09-16 23:30:46-[mylog.py-->line:65]-INFO-mylog-日志输出的信息：-----注册测试开始执行-----
2019-09-16 23:30:53-[mylog.py-->line:65]-INFO-mylog-日志输出的信息：-----短信验证码模块测试执行结束-----
2019-09-16 23:32:55-[mylog.py-->line:65]-INFO-mylog-日志输出的信息：-----注册测试开始执行-----
2019-09-16 23:32:59-[mylog.py-->line:65]-INFO-mylog-日志输出的信息：-----短信验证码模块测试执行结束-----
2019-09-16 23:33:07-[mylog.py-->line:65]-INFO-mylog-日志输出的信息：-----短信验证码测试开始执行-----
2019-09-16 23:33:07-[mylog.py-->line:65]-INFO-mylog-日志输出的信息：发送请求用例测试通过
2019-09-16 23:33:08-[mylog.py-->line:65]-INFO-mylog-日志输出的信息：手机号码格式不对用例测试通过
2019-09-16 23:33:08-[mylog.py-->line:65]-INFO-mylog-日志输出的信息：用户ip为空用例测试通过
2019-09-16 23:33:09-[mylog.py-->line:65]-INFO-mylog-日志输出的信息：短信模板不存在用例测试通过
2019-09-16 23:33:09-[mylog.py-->line:65]-INFO-mylog-日志输出的信息：-----短信验证码模块测试执行结束-----
2019-09-16 23:33:09-[mylog.py-->line:65]-INFO-mylog-日志输出的信息：-----注册测试开始执行-----
2019-09-16 23:33:14-[mylog.py-->line:65]-INFO-mylog-日志输出的信息：-----短信验证码模块测试执行结束-----
2019-09-16 23:38:59-[mylog.py-->line:65]-INFO-mylog-日志输出的信息：-----短信验证码测试开始执行-----
2019-09-16 23:39:00-[mylog.py-->line:65]-INFO-mylog-日志输出的信息：发送请求用例测试通过
2019-09-16 23:39:00-[mylog.py-->line:65]-INFO-mylog-日志输出的信息：手机号码格式不对用例测试通过
2019-09-16 23:39:00-[mylog.py-->line:65]-INFO-mylog-日志输出的信息：用户ip为空用例测试通过
2019-09-16 23:39:01-[mylog.py-->line:65]-INFO-mylog-日志输出的信息：短信模板不存在用例测试通过
2019-09-16 23:39:01-[mylog.py-->line:65]-INFO-mylog-日志输出的信息：-----短信验证码模块测试执行结束-----
2019-09-16 23:39:01-[mylog.py-->line:65]-INFO-mylog-日志输出的信息：-----注册测试开始执行-----
2019-09-16 23:39:02-[mylog.py-->line:69]-ERROR-mylog-日志输出的信息：注册成功用例测试未通过
2019-09-16 23:39:06-[mylog.py-->line:65]-INFO-mylog-日志输出的信息：-----短信验证码模块测试执行结束-----
2019-09-16 23:43:03-[mylog.py-->line:65]-INFO-mylog-日志输出的信息：-----短信验证码测试开始执行-----
2019-09-16 23:43:04-[mylog.py-->line:69]-ERROR-mylog-日志输出的信息：发送请求用例测试未通过
2019-09-16 23:43:04-[mylog.py-->line:65]-INFO-mylog-日志输出的信息：手机号码格式不对用例测试通过
2019-09-16 23:43:05-[mylog.py-->line:65]-INFO-mylog-日志输出的信息：用户ip为空用例测试通过
2019-09-16 23:43:05-[mylog.py-->line:65]-INFO-mylog-日志输出的信息：短信模板不存在用例测试通过
2019-09-16 23:43:05-[mylog.py-->line:65]-INFO-mylog-日志输出的信息：-----短信验证码模块测试执行结束-----
2019-09-16 23:43:05-[mylog.py-->line:65]-INFO-mylog-日志输出的信息：-----注册测试开始执行-----
2019-09-16 23:43:08-[mylog.py-->line:65]-INFO-mylog-日志输出的信息：-----短信验证码模块测试执行结束-----
2019-09-16 23:44:00-[mylog.py-->line:65]-INFO-mylog-日志输出的信息：-----短信验证码测试开始执行-----
2019-09-16 23:44:00-[mylog.py-->line:65]-INFO-mylog-日志输出的信息：发送请求用例测试通过
2019-09-16 23:44:01-[mylog.py-->line:65]-INFO-mylog-日志输出的信息：手机号码格式不对用例测试通过
2019-09-16 23:44:01-[mylog.py-->line:65]-INFO-mylog-日志输出的信息：用户ip为空用例测试通过
2019-09-16 23:44:01-[mylog.py-->line:65]-INFO-mylog-日志输出的信息：短信模板不存在用例测试通过
2019-09-16 23:44:02-[mylog.py-->line:65]-INFO-mylog-日志输出的信息：-----短信验证码模块测试执行结束-----
2019-09-16 23:44:02-[mylog.py-->line:65]-INFO-mylog-日志输出的信息：-----注册测试开始执行-----
2019-09-16 23:44:03-[mylog.py-->line:65]-INFO-mylog-日志输出的信息：注册成功用例测试通过
2019-09-16 23:44:06-[mylog.py-->line:65]-INFO-mylog-日志输出的信息：-----短信验证码模块测试执行结束-----
2019-09-16 23:46:41-[mylog.py-->line:65]-INFO-mylog-日志输出的信息：-----短信验证码测试开始执行-----
2019-09-16 23:46:41-[mylog.py-->line:65]-INFO-mylog-日志输出的信息：发送请求用例测试通过
2019-09-16 23:46:41-[mylog.py-->line:65]-INFO-mylog-日志输出的信息：手机号码格式不对用例测试通过
2019-09-16 23:46:42-[mylog.py-->line:65]-INFO-mylog-日志输出的信息：用户ip为空用例测试通过
2019-09-16 23:46:42-[mylog.py-->line:65]-INFO-mylog-日志输出的信息：短信模板不存在用例测试通过
2019-09-16 23:46:42-[mylog.py-->line:65]-INFO-mylog-日志输出的信息：-----短信验证码模块测试执行结束-----
2019-09-16 23:46:43-[mylog.py-->line:65]-INFO-mylog-日志输出的信息：-----注册测试开始执行-----
2019-09-16 23:46:44-[mylog.py-->line:65]-INFO-mylog-日志输出的信息：注册成功用例测试通过
2019-09-16 23:47:03-[mylog.py-->line:65]-INFO-mylog-日志输出的信息：-----短信验证码测试开始执行-----
2019-09-16 23:47:03-[mylog.py-->line:65]-INFO-mylog-日志输出的信息：发送请求用例测试通过
2019-09-16 23:47:04-[mylog.py-->line:65]-INFO-mylog-日志输出的信息：手机号码格式不对用例测试通过
2019-09-16 23:47:04-[mylog.py-->line:65]-INFO-mylog-日志输出的信息：用户ip为空用例测试通过
2019-09-16 23:47:04-[mylog.py-->line:65]-INFO-mylog-日志输出的信息：短信模板不存在用例测试通过
2019-09-16 23:47:04-[mylog.py-->line:65]-INFO-mylog-日志输出的信息：-----短信验证码模块测试执行结束-----
2019-09-16 23:47:05-[mylog.py-->line:65]-INFO-mylog-日志输出的信息：-----注册测试开始执行-----
2019-09-16 23:47:06-[mylog.py-->line:65]-INFO-mylog-日志输出的信息：注册成功用例测试通过
2019-09-16 23:47:27-[mylog.py-->line:65]-INFO-mylog-日志输出的信息：-----短信验证码模块测试执行结束-----
2019-09-16 23:51:40-[mylog.py-->line:65]-INFO-mylog-日志输出的信息：-----短信验证码测试开始执行-----
2019-09-16 23:51:41-[mylog.py-->line:65]-INFO-mylog-日志输出的信息：发送请求用例测试通过
2019-09-16 23:51:41-[mylog.py-->line:65]-INFO-mylog-日志输出的信息：手机号码格式不对用例测试通过
2019-09-16 23:51:42-[mylog.py-->line:65]-INFO-mylog-日志输出的信息：用户ip为空用例测试通过
2019-09-16 23:51:42-[mylog.py-->line:65]-INFO-mylog-日志输出的信息：短信模板不存在用例测试通过
2019-09-16 23:51:42-[mylog.py-->line:65]-INFO-mylog-日志输出的信息：-----短信验证码模块测试执行结束-----
2019-09-16 23:51:42-[mylog.py-->line:65]-INFO-mylog-日志输出的信息：-----注册测试开始执行-----
2019-09-16 23:51:43-[mylog.py-->line:65]-INFO-mylog-日志输出的信息：注册成功用例测试通过
2019-09-16 23:52:05-[mylog.py-->line:65]-INFO-mylog-日志输出的信息：-----短信验证码模块测试执行结束-----
