2019-09-15 23:22:09-[mylog.py-->line:65]-INFO-mylog-日志输出的信息：-----短信验证码测试开始执行-----
2019-09-15 23:22:10-[mylog.py-->line:65]-INFO-mylog-日志输出的信息：-----短信验证码模块测试执行结束-----
2019-09-15 23:23:04-[mylog.py-->line:65]-INFO-mylog-日志输出的信息：-----短信验证码测试开始执行-----
2019-09-15 23:23:04-[mylog.py-->line:65]-INFO-mylog-日志输出的信息：-----短信验证码模块测试执行结束-----
2019-09-15 23:24:09-[mylog.py-->line:65]-INFO-mylog-日志输出的信息：-----短信验证码测试开始执行-----
2019-09-15 23:24:09-[mylog.py-->line:65]-INFO-mylog-日志输出的信息：-----短信验证码模块测试执行结束-----
2019-09-15 23:25:20-[mylog.py-->line:65]-INFO-mylog-日志输出的信息：-----短信验证码测试开始执行-----
2019-09-15 23:25:20-[mylog.py-->line:69]-ERROR-mylog-日志输出的信息：发送请求测试未通过
2019-09-15 23:25:20-[mylog.py-->line:69]-ERROR-mylog-日志输出的信息：手机号码格式不对测试通过
2019-09-15 23:25:21-[mylog.py-->line:69]-ERROR-mylog-日志输出的信息：用户ip为空测试未通过
2019-09-15 23:25:21-[mylog.py-->line:69]-ERROR-mylog-日志输出的信息：短信模板不存在测试未通过
2019-09-15 23:25:22-[mylog.py-->line:65]-INFO-mylog-日志输出的信息：-----短信验证码模块测试执行结束-----
2019-09-15 23:26:27-[mylog.py-->line:65]-INFO-mylog-日志输出的信息：-----短信验证码测试开始执行-----
2019-09-15 23:26:27-[mylog.py-->line:69]-ERROR-mylog-日志输出的信息：发送请求测试未通过
2019-09-15 23:26:27-[mylog.py-->line:69]-ERROR-mylog-日志输出的信息：手机号码格式不对测试通过
2019-09-15 23:26:28-[mylog.py-->line:69]-ERROR-mylog-日志输出的信息：用户ip为空测试未通过
2019-09-15 23:26:28-[mylog.py-->line:69]-ERROR-mylog-日志输出的信息：短信模板不存在测试未通过
2019-09-15 23:26:28-[mylog.py-->line:65]-INFO-mylog-日志输出的信息：-----短信验证码模块测试执行结束-----
2019-09-15 23:31:46-[mylog.py-->line:65]-INFO-mylog-日志输出的信息：-----短信验证码测试开始执行-----
2019-09-15 23:31:46-[mylog.py-->line:69]-ERROR-mylog-日志输出的信息：发送请求测试未通过
2019-09-15 23:31:46-[mylog.py-->line:69]-ERROR-mylog-日志输出的信息：手机号码格式不对测试通过
2019-09-15 23:31:47-[mylog.py-->line:69]-ERROR-mylog-日志输出的信息：用户ip为空测试未通过
2019-09-15 23:31:48-[mylog.py-->line:69]-ERROR-mylog-日志输出的信息：短信模板不存在测试未通过
2019-09-15 23:31:49-[mylog.py-->line:65]-INFO-mylog-日志输出的信息：-----短信验证码模块测试执行结束-----
2019-09-15 23:36:10-[mylog.py-->line:65]-INFO-mylog-日志输出的信息：-----短信验证码测试开始执行-----
2019-09-15 23:36:10-[mylog.py-->line:69]-ERROR-mylog-日志输出的信息：手机号码格式不对测试通过
2019-09-15 23:36:10-[mylog.py-->line:69]-ERROR-mylog-日志输出的信息：用户ip为空测试通过
2019-09-15 23:36:11-[mylog.py-->line:69]-ERROR-mylog-日志输出的信息：短信模板不存在测试通过
2019-09-15 23:36:11-[mylog.py-->line:65]-INFO-mylog-日志输出的信息：-----短信验证码模块测试执行结束-----
2019-09-15 23:37:02-[mylog.py-->line:65]-INFO-mylog-日志输出的信息：-----短信验证码测试开始执行-----
2019-09-15 23:37:02-[mylog.py-->line:69]-ERROR-mylog-日志输出的信息：发送请求测试通过
2019-09-15 23:37:03-[mylog.py-->line:69]-ERROR-mylog-日志输出的信息：手机号码格式不对测试通过
2019-09-15 23:37:03-[mylog.py-->line:69]-ERROR-mylog-日志输出的信息：用户ip为空测试通过
2019-09-15 23:37:03-[mylog.py-->line:69]-ERROR-mylog-日志输出的信息：短信模板不存在测试通过
2019-09-15 23:37:04-[mylog.py-->line:65]-INFO-mylog-日志输出的信息：-----短信验证码模块测试执行结束-----
2019-09-15 23:38:31-[mylog.py-->line:65]-INFO-mylog-日志输出的信息：-----短信验证码测试开始执行-----
2019-09-15 23:38:31-[mylog.py-->line:69]-ERROR-mylog-日志输出的信息：发送请求测试通过
2019-09-15 23:38:32-[mylog.py-->line:69]-ERROR-mylog-日志输出的信息：手机号码格式不对测试通过
2019-09-15 23:38:32-[mylog.py-->line:69]-ERROR-mylog-日志输出的信息：用户ip为空测试通过
2019-09-15 23:38:32-[mylog.py-->line:69]-ERROR-mylog-日志输出的信息：短信模板不存在测试通过
2019-09-15 23:38:33-[mylog.py-->line:65]-INFO-mylog-日志输出的信息：-----短信验证码模块测试执行结束-----
2019-09-15 23:46:48-[mylog.py-->line:65]-INFO-mylog-日志输出的信息：-----短信验证码测试开始执行-----
2019-09-15 23:46:48-[mylog.py-->line:69]-ERROR-mylog-日志输出的信息：发送请求测试通过
2019-09-15 23:46:48-[mylog.py-->line:69]-ERROR-mylog-日志输出的信息：手机号码格式不对测试通过
2019-09-15 23:46:48-[mylog.py-->line:69]-ERROR-mylog-日志输出的信息：用户ip为空测试通过
2019-09-15 23:46:49-[mylog.py-->line:69]-ERROR-mylog-日志输出的信息：短信模板不存在测试通过
2019-09-15 23:46:49-[mylog.py-->line:65]-INFO-mylog-日志输出的信息：-----短信验证码模块测试执行结束-----
2019-09-15 23:47:23-[mylog.py-->line:65]-INFO-mylog-日志输出的信息：-----短信验证码测试开始执行-----
2019-09-15 23:47:23-[mylog.py-->line:69]-ERROR-mylog-日志输出的信息：发送请求测试通过
2019-09-15 23:47:24-[mylog.py-->line:69]-ERROR-mylog-日志输出的信息：手机号码格式不对测试通过
2019-09-15 23:47:24-[mylog.py-->line:69]-ERROR-mylog-日志输出的信息：用户ip为空测试通过
2019-09-15 23:47:24-[mylog.py-->line:69]-ERROR-mylog-日志输出的信息：短信模板不存在测试通过
2019-09-15 23:47:25-[mylog.py-->line:65]-INFO-mylog-日志输出的信息：-----短信验证码模块测试执行结束-----
2019-09-15 23:50:07-[mylog.py-->line:65]-INFO-mylog-日志输出的信息：-----短信验证码测试开始执行-----
2019-09-15 23:50:07-[mylog.py-->line:69]-ERROR-mylog-日志输出的信息：发送请求用例测试通过
2019-09-15 23:50:08-[mylog.py-->line:69]-ERROR-mylog-日志输出的信息：手机号码格式不对用例测试通过
2019-09-15 23:50:08-[mylog.py-->line:69]-ERROR-mylog-日志输出的信息：用户ip为空用例测试通过
2019-09-15 23:50:08-[mylog.py-->line:69]-ERROR-mylog-日志输出的信息：短信模板不存在用例测试通过
2019-09-15 23:50:09-[mylog.py-->line:65]-INFO-mylog-日志输出的信息：-----短信验证码模块测试执行结束-----
