2019-09-18 22:40:25-[mylog.py-->line:65]-INFO-mylog-日志输出的信息：-----短信验证码测试开始执行-----
2019-09-18 22:40:26-[mylog.py-->line:65]-INFO-mylog-日志输出的信息：发送请求用例测试通过
2019-09-18 22:40:26-[mylog.py-->line:65]-INFO-mylog-日志输出的信息：手机号码格式不对用例测试通过
2019-09-18 22:40:27-[mylog.py-->line:65]-INFO-mylog-日志输出的信息：用户ip为空用例测试通过
2019-09-18 22:40:27-[mylog.py-->line:65]-INFO-mylog-日志输出的信息：短信模板不存在用例测试通过
2019-09-18 22:40:28-[mylog.py-->line:65]-INFO-mylog-日志输出的信息：-----短信验证码模块测试执行结束-----
2019-09-18 22:40:28-[mylog.py-->line:65]-INFO-mylog-日志输出的信息：-----注册测试开始执行-----
2019-09-18 22:40:29-[mylog.py-->line:65]-INFO-mylog-日志输出的信息：注册成功用例测试通过
2019-09-18 22:40:30-[mylog.py-->line:65]-INFO-mylog-日志输出的信息：验证码与手机号码不对应用例测试通过
2019-09-18 22:40:31-[mylog.py-->line:65]-INFO-mylog-日志输出的信息：参数格式错误用例测试通过
2019-09-18 22:40:33-[mylog.py-->line:65]-INFO-mylog-日志输出的信息：用户已经被注册用例测试通过
2019-09-18 22:40:35-[mylog.py-->line:65]-INFO-mylog-日志输出的信息：手机号码已经被注册用例测试通过
2019-09-18 22:40:39-[mylog.py-->line:65]-INFO-mylog-日志输出的信息：验证码超时用例测试通过
2019-09-18 22:40:39-[mylog.py-->line:65]-INFO-mylog-日志输出的信息：-----注册模块测试执行结束-----
2019-09-18 22:40:39-[mylog.py-->line:65]-INFO-mylog-日志输出的信息：-----实名认证模块测试开始执行-----
2019-09-18 22:40:42-[mylog.py-->line:65]-INFO-mylog-日志输出的信息：实名认证成功用例测试通过
2019-09-18 22:40:46-[mylog.py-->line:65]-INFO-mylog-日志输出的信息：用户未注册用例测试通过
2019-09-18 22:40:49-[mylog.py-->line:65]-INFO-mylog-日志输出的信息：真实姓名有误用例测试通过
2019-09-18 22:40:51-[mylog.py-->line:65]-INFO-mylog-日志输出的信息：身份证格式错误用例测试通过
2019-09-18 22:40:53-[mylog.py-->line:65]-INFO-mylog-日志输出的信息：不是合法的身份证用例测试通过
2019-09-18 22:40:53-[mylog.py-->line:65]-INFO-mylog-日志输出的信息：-----实名认证模块测试执行结束-----
2019-09-18 22:48:57-[mylog.py-->line:65]-INFO-mylog-日志输出的信息：-----短信验证码测试开始执行-----
2019-09-18 22:48:58-[mylog.py-->line:65]-INFO-mylog-日志输出的信息：发送请求用例测试通过
2019-09-18 22:48:58-[mylog.py-->line:65]-INFO-mylog-日志输出的信息：手机号码格式不对用例测试通过
2019-09-18 22:48:59-[mylog.py-->line:65]-INFO-mylog-日志输出的信息：用户ip为空用例测试通过
2019-09-18 22:48:59-[mylog.py-->line:65]-INFO-mylog-日志输出的信息：短信模板不存在用例测试通过
2019-09-18 22:48:59-[mylog.py-->line:65]-INFO-mylog-日志输出的信息：-----短信验证码模块测试执行结束-----
2019-09-18 22:48:59-[mylog.py-->line:65]-INFO-mylog-日志输出的信息：-----注册测试开始执行-----
2019-09-18 22:49:01-[mylog.py-->line:65]-INFO-mylog-日志输出的信息：注册成功用例测试通过
2019-09-18 22:49:02-[mylog.py-->line:65]-INFO-mylog-日志输出的信息：验证码与手机号码不对应用例测试通过
2019-09-18 22:49:03-[mylog.py-->line:65]-INFO-mylog-日志输出的信息：参数格式错误用例测试通过
2019-09-18 22:49:05-[mylog.py-->line:65]-INFO-mylog-日志输出的信息：用户已经被注册用例测试通过
2019-09-18 22:49:06-[mylog.py-->line:65]-INFO-mylog-日志输出的信息：手机号码已经被注册用例测试通过
2019-09-18 22:49:08-[mylog.py-->line:65]-INFO-mylog-日志输出的信息：验证码超时用例测试通过
2019-09-18 22:49:08-[mylog.py-->line:65]-INFO-mylog-日志输出的信息：-----注册模块测试执行结束-----
2019-09-18 22:49:08-[mylog.py-->line:65]-INFO-mylog-日志输出的信息：-----实名认证模块测试开始执行-----
2019-09-18 22:49:10-[mylog.py-->line:65]-INFO-mylog-日志输出的信息：实名认证成功用例测试通过
2019-09-18 22:49:12-[mylog.py-->line:65]-INFO-mylog-日志输出的信息：用户未注册用例测试通过
2019-09-18 22:49:14-[mylog.py-->line:65]-INFO-mylog-日志输出的信息：真实姓名有误用例测试通过
2019-09-18 22:49:16-[mylog.py-->line:65]-INFO-mylog-日志输出的信息：身份证格式错误用例测试通过
2019-09-18 22:49:18-[mylog.py-->line:65]-INFO-mylog-日志输出的信息：不是合法的身份证用例测试通过
2019-09-18 22:49:18-[mylog.py-->line:65]-INFO-mylog-日志输出的信息：-----实名认证模块测试执行结束-----
2019-09-18 23:41:24-[mylog.py-->line:65]-INFO-mylog-日志输出的信息：-----短信验证码测试开始执行-----
2019-09-18 23:41:24-[mylog.py-->line:69]-ERROR-mylog-日志输出的信息：发送请求用例测试未通过
2019-09-18 23:41:25-[mylog.py-->line:65]-INFO-mylog-日志输出的信息：手机号码格式不对用例测试通过
2019-09-18 23:41:25-[mylog.py-->line:65]-INFO-mylog-日志输出的信息：用户ip为空用例测试通过
2019-09-18 23:41:26-[mylog.py-->line:65]-INFO-mylog-日志输出的信息：短信模板不存在用例测试通过
2019-09-18 23:41:26-[mylog.py-->line:65]-INFO-mylog-日志输出的信息：-----短信验证码模块测试执行结束-----
2019-09-18 23:41:26-[mylog.py-->line:65]-INFO-mylog-日志输出的信息：-----注册测试开始执行-----
2019-09-18 23:41:27-[mylog.py-->line:65]-INFO-mylog-日志输出的信息：注册成功用例测试通过
2019-09-18 23:41:28-[mylog.py-->line:65]-INFO-mylog-日志输出的信息：验证码与手机号码不对应用例测试通过
2019-09-18 23:41:30-[mylog.py-->line:65]-INFO-mylog-日志输出的信息：参数格式错误用例测试通过
2019-09-18 23:41:31-[mylog.py-->line:65]-INFO-mylog-日志输出的信息：用户已经被注册用例测试通过
2019-09-18 23:41:32-[mylog.py-->line:65]-INFO-mylog-日志输出的信息：手机号码已经被注册用例测试通过
2019-09-18 23:41:33-[mylog.py-->line:65]-INFO-mylog-日志输出的信息：验证码超时用例测试通过
2019-09-18 23:41:33-[mylog.py-->line:65]-INFO-mylog-日志输出的信息：-----注册模块测试执行结束-----
2019-09-18 23:41:34-[mylog.py-->line:65]-INFO-mylog-日志输出的信息：-----实名认证模块测试开始执行-----
2019-09-18 23:41:35-[mylog.py-->line:65]-INFO-mylog-日志输出的信息：实名认证成功用例测试通过
2019-09-18 23:41:37-[mylog.py-->line:65]-INFO-mylog-日志输出的信息：用户未注册用例测试通过
2019-09-18 23:41:39-[mylog.py-->line:65]-INFO-mylog-日志输出的信息：真实姓名有误用例测试通过
2019-09-18 23:41:41-[mylog.py-->line:65]-INFO-mylog-日志输出的信息：身份证格式错误用例测试通过
2019-09-18 23:41:43-[mylog.py-->line:65]-INFO-mylog-日志输出的信息：不是合法的身份证用例测试通过
2019-09-18 23:41:43-[mylog.py-->line:65]-INFO-mylog-日志输出的信息：-----实名认证模块测试执行结束-----
2019-09-18 23:43:23-[mylog.py-->line:65]-INFO-mylog-日志输出的信息：-----短信验证码测试开始执行-----
2019-09-18 23:43:24-[mylog.py-->line:65]-INFO-mylog-日志输出的信息：发送请求用例测试通过
2019-09-18 23:43:24-[mylog.py-->line:65]-INFO-mylog-日志输出的信息：手机号码格式不对用例测试通过
2019-09-18 23:43:25-[mylog.py-->line:65]-INFO-mylog-日志输出的信息：用户ip为空用例测试通过
2019-09-18 23:43:25-[mylog.py-->line:65]-INFO-mylog-日志输出的信息：短信模板不存在用例测试通过
2019-09-18 23:43:26-[mylog.py-->line:65]-INFO-mylog-日志输出的信息：-----短信验证码模块测试执行结束-----
2019-09-18 23:43:26-[mylog.py-->line:65]-INFO-mylog-日志输出的信息：-----注册测试开始执行-----
2019-09-18 23:43:27-[mylog.py-->line:65]-INFO-mylog-日志输出的信息：注册成功用例测试通过
2019-09-18 23:43:28-[mylog.py-->line:65]-INFO-mylog-日志输出的信息：验证码与手机号码不对应用例测试通过
2019-09-18 23:43:29-[mylog.py-->line:65]-INFO-mylog-日志输出的信息：参数格式错误用例测试通过
2019-09-18 23:43:31-[mylog.py-->line:65]-INFO-mylog-日志输出的信息：用户已经被注册用例测试通过
2019-09-18 23:43:32-[mylog.py-->line:65]-INFO-mylog-日志输出的信息：手机号码已经被注册用例测试通过
2019-09-18 23:43:33-[mylog.py-->line:65]-INFO-mylog-日志输出的信息：验证码超时用例测试通过
2019-09-18 23:43:33-[mylog.py-->line:65]-INFO-mylog-日志输出的信息：-----注册模块测试执行结束-----
2019-09-18 23:43:33-[mylog.py-->line:65]-INFO-mylog-日志输出的信息：-----实名认证模块测试开始执行-----
2019-09-18 23:43:35-[mylog.py-->line:65]-INFO-mylog-日志输出的信息：实名认证成功用例测试通过
2019-09-18 23:43:37-[mylog.py-->line:65]-INFO-mylog-日志输出的信息：用户未注册用例测试通过
2019-09-18 23:43:39-[mylog.py-->line:65]-INFO-mylog-日志输出的信息：真实姓名有误用例测试通过
2019-09-18 23:43:41-[mylog.py-->line:65]-INFO-mylog-日志输出的信息：身份证格式错误用例测试通过
2019-09-18 23:43:42-[mylog.py-->line:65]-INFO-mylog-日志输出的信息：不是合法的身份证用例测试通过
2019-09-18 23:43:43-[mylog.py-->line:65]-INFO-mylog-日志输出的信息：-----实名认证模块测试执行结束-----
